Command line:
   ./xor2_32b_tb_isim_beh.exe
     -intstyle  ise
     -ipchost  localhost
     -ipcport  1370

Sat Jan 24 15:17:37 2026

Total Line Count : 27

 Elaboration Time: 0 sec

 Current Memory Usage: 141.418 Meg

 Total Signals          : 120
 Total Nets             : 104
 Total Signal Drivers   : 37
 Total Blocks           : 39
 Total Primitive Blocks : 33
 Total Processes        : 40
 Total Traceable Variables  : 19
 Total Scalar Nets and Variables : 247
ntrace select -o on -m / -l this 
ntrace start 
isimrun 1000 ns 
Simulator is doing circuit initialization process.
Finished circuit initialization process.

 Total Simulation Time: 0.046875 sec

 Current Memory Usage: 151.97 Meg

Sat Jan 24 15:19:04 2026

