Command line:
   ./mux2_32b_tb_isim_beh.exe
     -intstyle  ise
     -ipchost  localhost
     -ipcport  1365

Sat Jan 24 14:35:53 2026

Total Line Count : 32

 Elaboration Time: 0.015625 sec

 Current Memory Usage: 142.467 Meg

 Total Signals          : 741
 Total Nets             : 201
 Total Signal Drivers   : 134
 Total Blocks           : 193
 Total Primitive Blocks : 129
 Total Processes        : 137
 Total Traceable Variables  : 20
 Total Scalar Nets and Variables : 345
ntrace select -o on -n /mux2_32b_tb/Y 
ntrace select -o on -n /mux2_32b_tb/A 
ntrace select -o on -n /mux2_32b_tb/B 
ntrace select -o on -n /mux2_32b_tb/S 
ntrace start 
isimrun 1000 ns 
Simulator is doing circuit initialization process.
Finished circuit initialization process.

 Total Simulation Time: 0.078125 sec

 Current Memory Usage: 151.904 Meg

Sat Jan 24 14:44:51 2026

